<?xml version="1.0" encoding="UTF-8"?>
<testng-results ignored="0" total="3" passed="2" failed="1" skipped="0">
  <reporter-output>
  </reporter-output>
  <suite started-at="2022-11-15T14:18:37 EST" name="OpencartSuite" finished-at="2022-11-15T14:19:07 EST" duration-ms="30060">
    <groups>
      <group name="Master">
        <method signature="TC_001_AccountRegisteration.text_account_Registration()[pri:0, instance:testCases.TC_001_AccountRegisteration@4135c3b]" name="text_account_Registration" class="testCases.TC_001_AccountRegisteration"/>
        <method signature="TC_002_LoginTest.test_login()[pri:0, instance:testCases.TC_002_LoginTest@4d5d943d]" name="test_login" class="testCases.TC_002_LoginTest"/>
        <method signature="TC_004_SearchPage.searchPageTest()[pri:0, instance:testCases.TC_004_SearchPage@368f2016]" name="searchPageTest" class="testCases.TC_004_SearchPage"/>
      </group> <!-- Master -->
      <group name="Sanity">
        <method signature="TC_002_LoginTest.test_login()[pri:0, instance:testCases.TC_002_LoginTest@4d5d943d]" name="test_login" class="testCases.TC_002_LoginTest"/>
        <method signature="TC_004_SearchPage.searchPageTest()[pri:0, instance:testCases.TC_004_SearchPage@368f2016]" name="searchPageTest" class="testCases.TC_004_SearchPage"/>
      </group> <!-- Sanity -->
      <group name="Regression">
        <method signature="TC_001_AccountRegisteration.text_account_Registration()[pri:0, instance:testCases.TC_001_AccountRegisteration@4135c3b]" name="text_account_Registration" class="testCases.TC_001_AccountRegisteration"/>
      </group> <!-- Regression -->
    </groups>
    <test started-at="2022-11-15T14:18:37 EST" name="ChromeTest" finished-at="2022-11-15T14:19:07 EST" duration-ms="30060">
      <class name="testCases.TC_002_LoginTest">
        <test-method is-config="true" signature="setup(java.lang.String)[pri:0, instance:testCases.TC_002_LoginTest@4d5d943d]" started-at="2022-11-15T14:18:52 EST" name="setup" finished-at="2022-11-15T14:18:53 EST" duration-ms="1197" status="PASS">
          <params>
            <param index="0">
              <value>
                <![CDATA[chrome]]>
              </value>
            </param>
          </params>
          <reporter-output>
          </reporter-output>
        </test-method> <!-- setup -->
        <test-method signature="test_login()[pri:0, instance:testCases.TC_002_LoginTest@4d5d943d]" started-at="2022-11-15T14:18:53 EST" name="test_login" finished-at="2022-11-15T14:18:54 EST" duration-ms="995" status="PASS">
          <reporter-output>
          </reporter-output>
        </test-method> <!-- test_login -->
        <test-method is-config="true" signature="tearDown()[pri:0, instance:testCases.TC_002_LoginTest@4d5d943d]" started-at="2022-11-15T14:18:54 EST" name="tearDown" finished-at="2022-11-15T14:18:54 EST" duration-ms="163" status="PASS">
          <reporter-output>
          </reporter-output>
        </test-method> <!-- tearDown -->
      </class> <!-- testCases.TC_002_LoginTest -->
      <class name="testCases.TC_004_SearchPage">
        <test-method is-config="true" signature="setup(java.lang.String)[pri:0, instance:testCases.TC_004_SearchPage@368f2016]" started-at="2022-11-15T14:18:54 EST" name="setup" finished-at="2022-11-15T14:18:56 EST" duration-ms="1213" status="PASS">
          <params>
            <param index="0">
              <value>
                <![CDATA[chrome]]>
              </value>
            </param>
          </params>
          <reporter-output>
          </reporter-output>
        </test-method> <!-- setup -->
        <test-method signature="searchPageTest()[pri:0, instance:testCases.TC_004_SearchPage@368f2016]" started-at="2022-11-15T14:18:56 EST" name="searchPageTest" finished-at="2022-11-15T14:19:07 EST" duration-ms="11512" status="PASS">
          <reporter-output>
          </reporter-output>
        </test-method> <!-- searchPageTest -->
        <test-method is-config="true" signature="tearDown()[pri:0, instance:testCases.TC_004_SearchPage@368f2016]" started-at="2022-11-15T14:19:07 EST" name="tearDown" finished-at="2022-11-15T14:19:07 EST" duration-ms="196" status="PASS">
          <reporter-output>
          </reporter-output>
        </test-method> <!-- tearDown -->
      </class> <!-- testCases.TC_004_SearchPage -->
      <class name="testCases.TC_001_AccountRegisteration">
        <test-method is-config="true" signature="setup(java.lang.String)[pri:0, instance:testCases.TC_001_AccountRegisteration@4135c3b]" started-at="2022-11-15T14:18:38 EST" name="setup" finished-at="2022-11-15T14:18:41 EST" duration-ms="3106" status="PASS">
          <params>
            <param index="0">
              <value>
                <![CDATA[chrome]]>
              </value>
            </param>
          </params>
          <reporter-output>
          </reporter-output>
        </test-method> <!-- setup -->
        <test-method signature="text_account_Registration()[pri:0, instance:testCases.TC_001_AccountRegisteration@4135c3b]" started-at="2022-11-15T14:18:41 EST" name="text_account_Registration" finished-at="2022-11-15T14:18:52 EST" duration-ms="11033" status="FAIL">
          <exception class="java.lang.AssertionError">
            <message>
              <![CDATA[null]]>
            </message>
            <full-stacktrace>
              <![CDATA[java.lang.AssertionError: null
at org.testng.Assert.fail(Assert.java:110)
at org.testng.Assert.fail(Assert.java:115)
at testCases.TC_001_AccountRegisteration.text_account_Registration(TC_001_AccountRegisteration.java:47)
at java.base/jdk.internal.reflect.DirectMethodHandleAccessor.invoke(DirectMethodHandleAccessor.java:104)
at java.base/java.lang.reflect.Method.invoke(Method.java:577)
at org.testng.internal.invokers.MethodInvocationHelper.invokeMethod(MethodInvocationHelper.java:139)
at org.testng.internal.invokers.TestInvoker.invokeMethod(TestInvoker.java:677)
at org.testng.internal.invokers.TestInvoker.invokeTestMethod(TestInvoker.java:221)
at org.testng.internal.invokers.MethodRunner.runInSequence(MethodRunner.java:50)
at org.testng.internal.invokers.TestInvoker$MethodInvocationAgent.invoke(TestInvoker.java:962)
at org.testng.internal.invokers.TestInvoker.invokeTestMethods(TestInvoker.java:194)
at org.testng.internal.invokers.TestMethodWorker.invokeTestMethods(TestMethodWorker.java:148)
at org.testng.internal.invokers.TestMethodWorker.run(TestMethodWorker.java:128)
at java.base/java.util.ArrayList.forEach(ArrayList.java:1511)
at org.testng.TestRunner.privateRun(TestRunner.java:806)
at org.testng.TestRunner.run(TestRunner.java:601)
at org.testng.SuiteRunner.runTest(SuiteRunner.java:433)
at org.testng.SuiteRunner.runSequentially(SuiteRunner.java:427)
at org.testng.SuiteRunner.privateRun(SuiteRunner.java:387)
at org.testng.SuiteRunner.run(SuiteRunner.java:330)
at org.testng.SuiteRunnerWorker.runSuite(SuiteRunnerWorker.java:52)
at org.testng.SuiteRunnerWorker.run(SuiteRunnerWorker.java:95)
at org.testng.TestNG.runSuitesSequentially(TestNG.java:1256)
at org.testng.TestNG.runSuitesLocally(TestNG.java:1176)
at org.testng.TestNG.runSuites(TestNG.java:1099)
at org.testng.TestNG.run(TestNG.java:1067)
at org.testng.remote.AbstractRemoteTestNG.run(AbstractRemoteTestNG.java:115)
at org.testng.remote.RemoteTestNG.initAndRun(RemoteTestNG.java:251)
at org.testng.remote.RemoteTestNG.main(RemoteTestNG.java:77)
]]>
            </full-stacktrace>
          </exception> <!-- java.lang.AssertionError -->
          <reporter-output>
          </reporter-output>
        </test-method> <!-- text_account_Registration -->
        <test-method is-config="true" signature="tearDown()[pri:0, instance:testCases.TC_001_AccountRegisteration@4135c3b]" started-at="2022-11-15T14:18:52 EST" name="tearDown" finished-at="2022-11-15T14:18:52 EST" duration-ms="187" status="PASS">
          <reporter-output>
          </reporter-output>
        </test-method> <!-- tearDown -->
      </class> <!-- testCases.TC_001_AccountRegisteration -->
    </test> <!-- ChromeTest -->
  </suite> <!-- OpencartSuite -->
</testng-results>
