<?xml version="1.0" encoding="UTF-8"?>
<!-- Generated by org.testng.reporters.JUnitXMLReporter -->
<testsuite ignored="0" hostname="Kamaly" failures="1" tests="3" name="ChromeTest" time="30.06" errors="0" timestamp="2022-11-15T14:19:08 EST">
  <testcase classname="testCases.TC_001_AccountRegisteration" name="text_account_Registration" time="11.033">
    <failure type="java.lang.AssertionError" message="null">
      <![CDATA[java.lang.AssertionError: null
at testCases.TC_001_AccountRegisteration.text_account_Registration(TC_001_AccountRegisteration.java:47)
at java.base/java.util.ArrayList.forEach(ArrayList.java:1511)
... Removed 27 stack frames]]>
    </failure>
  </testcase> <!-- text_account_Registration -->
  <testcase classname="testCases.TC_002_LoginTest" name="test_login" time="0.995"/>
  <testcase classname="testCases.TC_004_SearchPage" name="searchPageTest" time="11.512"/>
</testsuite> <!-- ChromeTest -->
