<?xml version="1.0" encoding="UTF-8"?>
<!-- Generated by org.testng.reporters.JUnitXMLReporter -->
<testsuite ignored="0" hostname="Kamaly" failures="1" tests="1" name="Test" time="34.695" errors="0" timestamp="2022-11-12T19:33:41 EST">
  <testcase classname="testCases.TC_001_AccountRegisteration" name="text_account_Registration" time="30.776">
    <failure type="java.lang.AssertionError" message="null">
      <![CDATA[java.lang.AssertionError: null
at testCases.TC_001_AccountRegisteration.text_account_Registration(TC_001_AccountRegisteration.java:46)
at java.base/java.util.ArrayList.forEach(ArrayList.java:1511)
... Removed 27 stack frames]]>
    </failure>
  </testcase> <!-- text_account_Registration -->
</testsuite> <!-- Test -->
